Using pre-set license
Built from '2020.2/staging' branch; Version is '2020.2.3f1 (8ff31bc5bf5b) revision 9433883'; Using compiler version '192528614'; Build Type 'Release'
OS: 'Windows 10 Pro; OS build 18363.752; Version 1909; 64bit' Language: 'en' Physical Memory: 12186 MB
BatchMode: 1, IsHumanControllingUs: 0, StartBugReporterOnCrash: 0, Is64bit: 1, IsPro: 0

 COMMAND LINE ARGUMENTS:
C:\Program Files\Unity\Hub\Editor\2020.2.3f1\Editor\Unity.exe
-adb2
-batchMode
-noUpm
-name
AssetImportWorker0
-projectPath
C:/Users/zackm/Desktop/arpractice
-logFile
Logs/AssetImportWorker0.log
-srvPort
51894
Successfully changed project path to: C:/Users/zackm/Desktop/arpractice
C:/Users/zackm/Desktop/arpractice
Using Asset Import Pipeline V2.
Refreshing native plugins compatible for Editor in 48.91 ms, found 0 plugins.
Preloading 0 native plugins for Editor in 0.00 ms.
Initialize engine version: 2020.2.3f1 (8ff31bc5bf5b)
[Subsystems] Discovering subsystems at path C:/Program Files/Unity/Hub/Editor/2020.2.3f1/Editor/Data/Resources/UnitySubsystems
[Subsystems] Discovering subsystems at path C:/Users/zackm/Desktop/arpractice/Assets
GfxDevice: creating device client; threaded=0
Direct3D:
    Version:  Direct3D 11.0 [level 11.0]
    Renderer: NVIDIA GeForce 920M (ID=0x1299)
    Vendor:   
    VRAM:     2009 MB
    Driver:   25.21.14.2531
Initialize mono
Mono path[0] = 'C:/Program Files/Unity/Hub/Editor/2020.2.3f1/Editor/Data/Managed'
Mono path[1] = 'C:/Program Files/Unity/Hub/Editor/2020.2.3f1/Editor/Data/MonoBleedingEdge/lib/mono/unityjit'
Mono config path = 'C:/Program Files/Unity/Hub/Editor/2020.2.3f1/Editor/Data/MonoBleedingEdge/etc'
Using monoOptions --debugger-agent=transport=dt_socket,embedding=1,server=y,suspend=n,address=127.0.0.1:56684
Begin MonoManager ReloadAssembly
Registering precompiled unity dll's ...
Register platform support module: C:/Program Files/Unity/Hub/Editor/2020.2.3f1/Editor/Data/PlaybackEngines/WindowsStandaloneSupport/UnityEditor.WindowsStandalone.Extensions.dll
Registered in 0.001698 seconds.
Native extension for WindowsStandalone target not found
Refreshing native plugins compatible for Editor in 44.13 ms, found 0 plugins.
Preloading 0 native plugins for Editor in 0.00 ms.
Invoked RoslynAnalysisRunner static constructor.
RoslynAnalysisRunner will not be running.
RoslynAnalysisRunner has terminated.
Mono: successfully reloaded assembly
- Completed reload, in  2.522 seconds
Platform modules already initialized, skipping
Registering precompiled user dll's ...
Registered in 0.000865 seconds.
Begin MonoManager ReloadAssembly
Error: Could not load signature of BuildPostProcessor:AddFrameworks due to: Could not load file or assembly 'UnityEditor.iOS.Extensions.Xcode, Version=1.0.0.0, Culture=neutral, PublicKeyToken=null' or one of its dependencies. assembly:UnityEditor.iOS.Extensions.Xcode, Version=1.0.0.0, Culture=neutral, PublicKeyToken=null type:<unknown type> member:(null) signature:<none>

Unloading broken assembly Library/ScriptAssemblies/Assembly-CSharp-Editor.dll, this assembly can cause crashes in the runtime

Native extension for WindowsStandalone target not found
Refreshing native plugins compatible for Editor in 48.14 ms, found 0 plugins.
Preloading 0 native plugins for Editor in 0.00 ms.
Invoked RoslynAnalysisRunner static constructor.
RoslynAnalysisRunner will not be running.
RoslynAnalysisRunner has terminated.
Mono: successfully reloaded assembly
- Completed reload, in  1.395 seconds
Platform modules already initialized, skipping
========================================================================
Worker process is ready to serve import requests
Launched and connected shader compiler UnityShaderCompiler.exe after 0.08 seconds
Refreshing native plugins compatible for Editor in 0.60 ms, found 0 plugins.
Preloading 0 native plugins for Editor in 0.00 ms.
Unloading 1501 Unused Serialized files (Serialized files now loaded: 0)
System memory in use before: 69.0 MB.
System memory in use after: 69.0 MB.

Unloading 18 unused Assets to reduce memory usage. Loaded Objects now: 1939.
Total: 2.896500 ms (FindLiveObjects: 0.257800 ms CreateObjectMapping: 0.065800 ms MarkObjects: 2.418500 ms  DeleteObjects: 0.152700 ms)

========================================================================
Received Import Request.
  path: Assets/Baggy T 1 red ITrack.prefab
  artifactKey: Guid(6fd0ffa5eed8da348a0db6c8952b6d1f) Importer(815301076,1909f56bfc062723c751e8b465ee728b)
Start importing Assets/Baggy T 1 red ITrack.prefab using Guid(6fd0ffa5eed8da348a0db6c8952b6d1f) Importer(815301076,1909f56bfc062723c751e8b465ee728b)  -> (artifact id: '3dcff5b04e132c6302785a5d884a43ec') in 0.198748 seconds
  Import took 0.202167 seconds .

========================================================================
Received Import Request.
  Time since last request: 5.664846 seconds.
  path: Assets/Baggy T 1 red ITrack.prefab
  artifactKey: Guid(6fd0ffa5eed8da348a0db6c8952b6d1f) Importer(815301076,1909f56bfc062723c751e8b465ee728b)
Start importing Assets/Baggy T 1 red ITrack.prefab using Guid(6fd0ffa5eed8da348a0db6c8952b6d1f) Importer(815301076,1909f56bfc062723c751e8b465ee728b)  -> (artifact id: '38216f02c81247290e0a739d8c77d842') in 0.031450 seconds
  Import took 0.036067 seconds .

AssetImportWorkerClient::OnTransportError - code=2 error=End of file
